<?xml version="1.0" encoding="UTF-8"?>
<testsuite xmlns:xsi="http://www.w3.org/2001/XMLSchema-instance" xsi:noNamespaceSchemaLocation="https://maven.apache.org/surefire/maven-surefire-plugin/xsd/surefire-test-report-3.0.xsd" version="3.0" name="com.example.taskmanager.controller.TaskControllerTest" time="3.052" tests="2" errors="0" skipped="0" failures="0">
  <properties>
[...]
</properties>
  <testcase name="shouldAddAndGetTask" classname="com.example.taskmanager.controller.TaskControllerTest" time="1.247">
    <system-out><![CDATA[23:15:47.704 [main] INFO org.springframework.test.context.support.AnnotationConfigContextLoaderUtils -- Could not detect default configuration classes for test class [com.example.taskmanager.controller.TaskControllerTest]: TaskControllerTest does not declare any static, non-private, non-final, nested classes annotated with @Configuration.
23:15:47.829 [main] INFO org.springframework.boot.test.context.SpringBootTestContextBootstrapper -- Found @SpringBootConfiguration com.example.taskmanager.TaskManagerApplication for test class com.example.taskmanager.controller.TaskControllerTest

  .   ____          _            __ _ _
 /\\ / ___'_ __ _ _(_)_ __  __ _ \ \ \ \
( ( )\___ | '_ | '_| | '_ \/ _` | \ \ \ \
 \\/  ___)| |_)| | | | | || (_| |  ) ) ) )
  '  |____| .__|_| |_|_| |_\__, | / / / /
 =========|_|==============|___/=/_/_/_/
 :: Spring Boot ::                (v3.2.0)

2025-05-22T23:15:48.170+02:00  INFO 18288 --- [           main] c.e.t.controller.TaskControllerTest      : Starting TaskControllerTest using Java 21.0.7 with PID 18288 (started by donald in /home/donald/task-manager/task-manager)
2025-05-22T23:15:48.172+02:00  INFO 18288 --- [           main] c.e.t.controller.TaskControllerTest      : No active profile set, falling back to 1 default profile: "default"
2025-05-22T23:15:49.232+02:00  INFO 18288 --- [           main] o.s.s.web.DefaultSecurityFilterChain     : Will secure any request with [org.springframework.security.web.session.DisableEncodeUrlFilter@5a1f778, org.springframework.security.web.context.request.async.WebAsyncManagerIntegrationFilter@4cc65c2, org.springframework.security.web.context.SecurityContextHolderFilter@733c464f, org.springframework.security.web.header.HeaderWriterFilter@2272cbb0, org.springframework.web.filter.CorsFilter@574059d5, org.springframework.security.web.csrf.CsrfFilter@36790bec, org.springframework.security.web.authentication.logout.LogoutFilter@52ae997b, org.springframework.security.web.authentication.UsernamePasswordAuthenticationFilter@664632e9, org.springframework.security.web.authentication.ui.DefaultLoginPageGeneratingFilter@183ade54, org.springframework.security.web.authentication.ui.DefaultLogoutPageGeneratingFilter@6d672bd4, org.springframework.security.web.authentication.www.BasicAuthenticationFilter@7e1ffe70, org.springframework.security.web.savedrequest.RequestCacheAwareFilter@73fbdf68, org.springframework.security.web.servletapi.SecurityContextHolderAwareRequestFilter@32f1fafe, org.springframework.security.web.authentication.AnonymousAuthenticationFilter@67770b37, org.springframework.security.web.access.ExceptionTranslationFilter@6f8e9d06, org.springframework.security.web.access.intercept.AuthorizationFilter@306c7bf6]
2025-05-22T23:15:49.279+02:00  INFO 18288 --- [           main] o.s.b.t.m.w.SpringBootMockServletContext : Initializing Spring TestDispatcherServlet ''
2025-05-22T23:15:49.279+02:00  INFO 18288 --- [           main] o.s.t.web.servlet.TestDispatcherServlet  : Initializing Servlet ''
2025-05-22T23:15:49.280+02:00  INFO 18288 --- [           main] o.s.t.web.servlet.TestDispatcherServlet  : Completed initialization in 1 ms
2025-05-22T23:15:49.299+02:00  INFO 18288 --- [           main] c.e.t.controller.TaskControllerTest      : Started TaskControllerTest in 1.422 seconds (process running for 2.376)
2025-05-22T23:15:50.426+02:00  WARN 18288 --- [           main] o.s.w.s.h.HandlerMappingIntrospector     : Cache miss for REQUEST dispatch to '/tasks' (previous null). Performing CorsConfiguration lookup. This is logged once only at WARN level, and every time at TRACE.
]]></system-out>
    <system-err><![CDATA[WARNING: A Java agent has been loaded dynamically (/home/donald/.m2/repository/net/bytebuddy/byte-buddy-agent/1.14.10/byte-buddy-agent-1.14.10.jar)
WARNING: If a serviceability tool is in use, please run with -XX:+EnableDynamicAgentLoading to hide this warning
WARNING: If a serviceability tool is not in use, please run with -Djdk.instrument.traceUsage for more information
WARNING: Dynamic loading of agents will be disallowed by default in a future release
]]></system-err>
  </testcase>
  <testcase name="shouldDeleteTask" classname="com.example.taskmanager.controller.TaskControllerTest" time="0.016"/>
</testsuite>